app/build/intermediates/manifest_merge_blame_file/debug/manifest-merger-blame-debug-report.txt
1<?xml version="1.0" encoding="utf-8"?>
2<manifest xmlns:android="http://schemas.android.com/apk/res/android"
3    package="com.example.advertise"
4    android:versionCode="1"
5    android:versionName="1.0" >
6
7    <uses-sdk
8        android:minSdkVersion="17"
8-->src\main\AndroidManifest.xml
9        android:targetSdkVersion="28" />
9-->src\main\AndroidManifest.xml
10
11    <uses-permission android:name="android.permission.INTERNET" />
11-->src\main\AndroidManifest.xml:6:5-67
11-->src\main\AndroidManifest.xml:6:22-64
12    <uses-permission android:name="android.permission.ACCESS_NETWORK_STATE" />
12-->src\main\AndroidManifest.xml:7:5-79
12-->src\main\AndroidManifest.xml:7:22-76
13    <uses-permission android:name="android.permission.ACCESS_FINE_LOCATION" />
13-->[com.google.android.libraries.places:places:2.2.0] AndroidManifest.xml:9:5-79
13-->[com.google.android.libraries.places:places:2.2.0] AndroidManifest.xml:9:22-76
14    <uses-permission android:name="android.permission.ACCESS_WIFI_STATE" />
14-->[com.google.android.libraries.places:places:2.2.0] AndroidManifest.xml:10:5-76
14-->[com.google.android.libraries.places:places:2.2.0] AndroidManifest.xml:10:22-73
15    <uses-permission android:name="android.permission.WAKE_LOCK" />
15-->[com.google.android.gms:play-services-measurement:17.2.2] AndroidManifest.xml:25:5-68
15-->[com.google.android.gms:play-services-measurement:17.2.2] AndroidManifest.xml:25:22-65
16    <uses-permission android:name="com.google.android.finsky.permission.BIND_GET_INSTALL_REFERRER_SERVICE" /> <!-- Required by older versions of Google Play services to create IID tokens -->
16-->[com.google.android.gms:play-services-measurement:17.2.2] AndroidManifest.xml:26:5-110
16-->[com.google.android.gms:play-services-measurement:17.2.2] AndroidManifest.xml:26:22-107
17    <uses-permission android:name="com.google.android.c2dm.permission.RECEIVE" />
17-->[com.google.firebase:firebase-iid:20.0.2] AndroidManifest.xml:26:5-82
17-->[com.google.firebase:firebase-iid:20.0.2] AndroidManifest.xml:26:22-79
18
19    <uses-feature
19-->[com.google.android.gms:play-services-maps:17.0.0] AndroidManifest.xml:26:5-28:35
20        android:glEsVersion="0x00020000"
20-->[com.google.android.gms:play-services-maps:17.0.0] AndroidManifest.xml:27:9-41
21        android:required="true" />
21-->[com.google.android.gms:play-services-maps:17.0.0] AndroidManifest.xml:28:9-32
22
23    <application
23-->src\main\AndroidManifest.xml:9:5-69:19
24        android:name="androidx.multidex.MultiDexApplication"
25        android:allowBackup="true"
25-->src\main\AndroidManifest.xml:10:9-35
26        android:appComponentFactory="androidx.core.app.CoreComponentFactory"
26-->[androidx.core:core:1.1.0] AndroidManifest.xml:24:18-86
27        android:debuggable="true"
28        android:icon="@mipmap/ic_launcher"
28-->src\main\AndroidManifest.xml:11:9-43
29        android:label="@string/app_name"
29-->src\main\AndroidManifest.xml:12:9-41
30        android:roundIcon="@mipmap/ic_launcher_round"
30-->src\main\AndroidManifest.xml:13:9-54
31        android:screenOrientation="portrait"
31-->src\main\AndroidManifest.xml:16:9-45
32        android:supportsRtl="true"
32-->src\main\AndroidManifest.xml:14:9-35
33        android:theme="@style/AppTheme" >
33-->src\main\AndroidManifest.xml:15:9-40
34        <activity
34-->src\main\AndroidManifest.xml:17:9-20:25
35            android:name="com.example.advertise.Notification"
35-->src\main\AndroidManifest.xml:17:19-47
36            android:screenOrientation="portrait" />
36-->src\main\AndroidManifest.xml:18:13-49
37        <activity
37-->src\main\AndroidManifest.xml:21:9-23:56
38            android:name="com.example.advertise.Linkedin"
38-->src\main\AndroidManifest.xml:21:19-43
39            android:screenOrientation="portrait" />
39-->src\main\AndroidManifest.xml:22:13-49
40        <activity
40-->src\main\AndroidManifest.xml:24:9-36:20
41            android:name="com.example.advertise.MainActivity_2"
41-->src\main\AndroidManifest.xml:25:13-43
42            android:label="@string/title_activity_main_2"
42-->src\main\AndroidManifest.xml:26:13-58
43            android:screenOrientation="portrait"
43-->src\main\AndroidManifest.xml:28:13-49
44            android:theme="@style/AppTheme.NoActionBar" >
44-->src\main\AndroidManifest.xml:27:13-56
45            <intent-filter>
45-->src\main\AndroidManifest.xml:31:13-35:29
46                <action android:name="android.intent.action.MAIN" />
46-->src\main\AndroidManifest.xml:32:17-69
46-->src\main\AndroidManifest.xml:32:25-66
47
48                <category android:name="android.intent.category.LAUNCHER" />
48-->src\main\AndroidManifest.xml:34:17-77
48-->src\main\AndroidManifest.xml:34:27-74
49            </intent-filter>
50        </activity>
51        <activity android:name="com.example.advertise.User_account" />
51-->src\main\AndroidManifest.xml:37:9-50
51-->src\main\AndroidManifest.xml:37:19-47
52        <activity android:name="com.example.advertise.Login_Activity" />
52-->src\main\AndroidManifest.xml:38:9-52
52-->src\main\AndroidManifest.xml:38:19-49
53        <activity android:name="com.example.advertise.cs_sem_2_subject" />
53-->src\main\AndroidManifest.xml:39:9-54
53-->src\main\AndroidManifest.xml:39:19-51
54        <activity android:name="com.example.advertise.cs_sem_1_subject" />
54-->src\main\AndroidManifest.xml:40:9-54
54-->src\main\AndroidManifest.xml:40:19-51
55        <activity android:name="com.example.advertise.Question_paper_webview" />
55-->src\main\AndroidManifest.xml:41:9-60
55-->src\main\AndroidManifest.xml:41:19-57
56        <activity android:name="com.example.advertise.All_question_fragment_holder" />
56-->src\main\AndroidManifest.xml:42:9-75
56-->src\main\AndroidManifest.xml:42:19-63
57        <activity android:name="com.example.advertise.Question_which_Branch" />
57-->src\main\AndroidManifest.xml:43:9-59
57-->src\main\AndroidManifest.xml:43:19-56
58        <activity android:name="com.example.advertise.Webview_other" />
58-->src\main\AndroidManifest.xml:44:9-51
58-->src\main\AndroidManifest.xml:44:19-48
59        <activity
59-->src\main\AndroidManifest.xml:45:9-46:53
60            android:name="com.example.advertise.Search_college"
60-->src\main\AndroidManifest.xml:45:19-49
61            android:screenOrientation="fullSensor" />
61-->src\main\AndroidManifest.xml:46:13-51
62        <activity
62-->src\main\AndroidManifest.xml:47:9-48:53
63            android:name="com.example.advertise.Other_college"
63-->src\main\AndroidManifest.xml:47:19-48
64            android:screenOrientation="fullSensor" />
64-->src\main\AndroidManifest.xml:48:13-51
65        <activity
65-->src\main\AndroidManifest.xml:49:9-51:55
66            android:name="com.example.advertise.All_result"
66-->src\main\AndroidManifest.xml:49:19-45
67            android:screenOrientation="portrait" />
67-->src\main\AndroidManifest.xml:50:13-49
68        <activity
68-->src\main\AndroidManifest.xml:52:9-54:55
69            android:name="com.example.advertise.pre_web"
69-->src\main\AndroidManifest.xml:52:19-42
70            android:screenOrientation="portrait" />
70-->src\main\AndroidManifest.xml:53:13-49
71        <activity
71-->src\main\AndroidManifest.xml:55:9-57:56
72            android:name="com.example.advertise.Previous_sem"
72-->src\main\AndroidManifest.xml:55:19-47
73            android:screenOrientation="portrait" />
73-->src\main\AndroidManifest.xml:56:13-49
74        <activity
74-->src\main\AndroidManifest.xml:58:9-60:56
75            android:name="com.example.advertise.This_sem"
75-->src\main\AndroidManifest.xml:58:19-43
76            android:screenOrientation="portrait" />
76-->src\main\AndroidManifest.xml:59:13-49
77
78        <meta-data
78-->src\main\AndroidManifest.xml:62:9-64:70
79            android:name="com.google.android.gms.ads.APPLICATION_ID"
79-->src\main\AndroidManifest.xml:63:13-69
80            android:value="ca-app-pub-5925784703265272~8551163159" />
80-->src\main\AndroidManifest.xml:64:13-67
81
82        <activity
82-->src\main\AndroidManifest.xml:66:9-68:54
83            android:name="com.example.advertise.MainActivity_1"
83-->src\main\AndroidManifest.xml:67:13-43
84            android:label="              VTU Baba" />
84-->src\main\AndroidManifest.xml:68:13-51
85        <activity
85-->[com.google.android.libraries.places:places:2.2.0] AndroidManifest.xml:14:9-20:20
86            android:name="com.google.android.libraries.places.widget.AutocompleteActivity"
86-->[com.google.android.libraries.places:places:2.2.0] AndroidManifest.xml:15:13-91
87            android:exported="false"
87-->[com.google.android.libraries.places:places:2.2.0] AndroidManifest.xml:16:13-37
88            android:label="@string/places_autocomplete_label"
88-->[com.google.android.libraries.places:places:2.2.0] AndroidManifest.xml:17:13-62
89            android:theme="@style/PlacesAutocompleteOverlay"
89-->[com.google.android.libraries.places:places:2.2.0] AndroidManifest.xml:18:13-61
90            android:windowSoftInputMode="adjustResize" >
90-->[com.google.android.libraries.places:places:2.2.0] AndroidManifest.xml:19:13-55
91        </activity>
92
93        <service
93-->[com.google.firebase:firebase-firestore:21.4.3] AndroidManifest.xml:17:9-23:19
94            android:name="com.google.firebase.components.ComponentDiscoveryService"
94-->[com.google.firebase:firebase-firestore:21.4.3] AndroidManifest.xml:18:13-84
95            android:directBootAware="true"
95-->[com.google.firebase:firebase-common:19.3.0] AndroidManifest.xml:34:13-43
96            android:exported="false" >
96-->[com.google.firebase:firebase-firestore:21.4.3] AndroidManifest.xml:19:13-37
97            <meta-data
97-->[com.google.firebase:firebase-firestore:21.4.3] AndroidManifest.xml:20:13-22:85
98                android:name="com.google.firebase.components:com.google.firebase.firestore.FirestoreRegistrar"
98-->[com.google.firebase:firebase-firestore:21.4.3] AndroidManifest.xml:21:17-111
99                android:value="com.google.firebase.components.ComponentRegistrar" />
99-->[com.google.firebase:firebase-firestore:21.4.3] AndroidManifest.xml:22:17-82
100            <meta-data
100-->[com.google.firebase:firebase-database:19.3.0] AndroidManifest.xml:32:13-34:85
101                android:name="com.google.firebase.components:com.google.firebase.database.DatabaseRegistrar"
101-->[com.google.firebase:firebase-database:19.3.0] AndroidManifest.xml:33:17-109
102                android:value="com.google.firebase.components.ComponentRegistrar" />
102-->[com.google.firebase:firebase-database:19.3.0] AndroidManifest.xml:34:17-82
103            <meta-data
103-->[com.google.firebase:firebase-storage:19.1.0] AndroidManifest.xml:33:13-35:85
104                android:name="com.google.firebase.components:com.google.firebase.storage.StorageRegistrar"
104-->[com.google.firebase:firebase-storage:19.1.0] AndroidManifest.xml:34:17-107
105                android:value="com.google.firebase.components.ComponentRegistrar" />
105-->[com.google.firebase:firebase-storage:19.1.0] AndroidManifest.xml:35:17-82
106            <meta-data
106-->[com.google.firebase:firebase-auth:19.2.0] AndroidManifest.xml:36:13-38:85
107                android:name="com.google.firebase.components:com.google.firebase.auth.FirebaseAuthRegistrar"
107-->[com.google.firebase:firebase-auth:19.2.0] AndroidManifest.xml:37:17-109
108                android:value="com.google.firebase.components.ComponentRegistrar" />
108-->[com.google.firebase:firebase-auth:19.2.0] AndroidManifest.xml:38:17-82
109            <meta-data
109-->[com.google.android.gms:play-services-measurement-api:17.2.2] AndroidManifest.xml:30:13-32:85
110                android:name="com.google.firebase.components:com.google.firebase.analytics.connector.internal.AnalyticsConnectorRegistrar"
110-->[com.google.android.gms:play-services-measurement-api:17.2.2] AndroidManifest.xml:31:17-139
111                android:value="com.google.firebase.components.ComponentRegistrar" />
111-->[com.google.android.gms:play-services-measurement-api:17.2.2] AndroidManifest.xml:32:17-82
112            <meta-data
112-->[com.google.firebase:firebase-iid:20.0.2] AndroidManifest.xml:32:13-34:85
113                android:name="com.google.firebase.components:com.google.firebase.iid.Registrar"
113-->[com.google.firebase:firebase-iid:20.0.2] AndroidManifest.xml:33:17-96
114                android:value="com.google.firebase.components.ComponentRegistrar" />
114-->[com.google.firebase:firebase-iid:20.0.2] AndroidManifest.xml:34:17-82
115        </service>
116
117        <activity
117-->[com.google.android.gms:play-services-auth:18.0.0] AndroidManifest.xml:23:9-27:75
118            android:name="com.google.android.gms.auth.api.signin.internal.SignInHubActivity"
118-->[com.google.android.gms:play-services-auth:18.0.0] AndroidManifest.xml:24:13-93
119            android:excludeFromRecents="true"
119-->[com.google.android.gms:play-services-auth:18.0.0] AndroidManifest.xml:25:13-46
120            android:exported="false"
120-->[com.google.android.gms:play-services-auth:18.0.0] AndroidManifest.xml:26:13-37
121            android:theme="@android:style/Theme.Translucent.NoTitleBar" />
121-->[com.google.android.gms:play-services-auth:18.0.0] AndroidManifest.xml:27:13-72
122        <!--
123            Service handling Google Sign-In user revocation. For apps that do not integrate with
124            Google Sign-In, this service will never be started.
125        -->
126        <service
126-->[com.google.android.gms:play-services-auth:18.0.0] AndroidManifest.xml:33:9-36:110
127            android:name="com.google.android.gms.auth.api.signin.RevocationBoundService"
127-->[com.google.android.gms:play-services-auth:18.0.0] AndroidManifest.xml:34:13-89
128            android:exported="true"
128-->[com.google.android.gms:play-services-auth:18.0.0] AndroidManifest.xml:35:13-36
129            android:permission="com.google.android.gms.auth.api.signin.permission.REVOCATION_NOTIFICATION" />
129-->[com.google.android.gms:play-services-auth:18.0.0] AndroidManifest.xml:36:13-107
130
131        <activity
131-->[com.google.firebase:firebase-auth:19.2.0] AndroidManifest.xml:24:9-31:50
132            android:name="com.google.firebase.auth.internal.FederatedSignInActivity"
132-->[com.google.firebase:firebase-auth:19.2.0] AndroidManifest.xml:25:13-85
133            android:excludeFromRecents="true"
133-->[com.google.firebase:firebase-auth:19.2.0] AndroidManifest.xml:26:13-46
134            android:exported="true"
134-->[com.google.firebase:firebase-auth:19.2.0] AndroidManifest.xml:27:13-36
135            android:launchMode="singleTask"
135-->[com.google.firebase:firebase-auth:19.2.0] AndroidManifest.xml:28:13-44
136            android:permission="com.google.firebase.auth.api.gms.permission.LAUNCH_FEDERATED_SIGN_IN"
136-->[com.google.firebase:firebase-auth:19.2.0] AndroidManifest.xml:29:13-102
137            android:theme="@android:style/Theme.Translucent.NoTitleBar" />
137-->[com.google.firebase:firebase-auth:19.2.0] AndroidManifest.xml:30:13-72
138
139        <receiver
139-->[com.google.android.gms:play-services-measurement:17.2.2] AndroidManifest.xml:29:9-33:20
140            android:name="com.google.android.gms.measurement.AppMeasurementReceiver"
140-->[com.google.android.gms:play-services-measurement:17.2.2] AndroidManifest.xml:30:13-85
141            android:enabled="true"
141-->[com.google.android.gms:play-services-measurement:17.2.2] AndroidManifest.xml:31:13-35
142            android:exported="false" >
142-->[com.google.android.gms:play-services-measurement:17.2.2] AndroidManifest.xml:32:13-37
143        </receiver>
144        <receiver
144-->[com.google.android.gms:play-services-measurement:17.2.2] AndroidManifest.xml:34:9-42:20
145            android:name="com.google.android.gms.measurement.AppMeasurementInstallReferrerReceiver"
145-->[com.google.android.gms:play-services-measurement:17.2.2] AndroidManifest.xml:35:13-100
146            android:enabled="true"
146-->[com.google.android.gms:play-services-measurement:17.2.2] AndroidManifest.xml:36:13-35
147            android:exported="true"
147-->[com.google.android.gms:play-services-measurement:17.2.2] AndroidManifest.xml:37:13-36
148            android:permission="android.permission.INSTALL_PACKAGES" >
148-->[com.google.android.gms:play-services-measurement:17.2.2] AndroidManifest.xml:38:13-69
149            <intent-filter>
149-->[com.google.android.gms:play-services-measurement:17.2.2] AndroidManifest.xml:39:13-41:29
150                <action android:name="com.android.vending.INSTALL_REFERRER" />
150-->[com.google.android.gms:play-services-measurement:17.2.2] AndroidManifest.xml:40:17-79
150-->[com.google.android.gms:play-services-measurement:17.2.2] AndroidManifest.xml:40:25-76
151            </intent-filter>
152        </receiver>
153
154        <service
154-->[com.google.android.gms:play-services-measurement:17.2.2] AndroidManifest.xml:44:9-47:40
155            android:name="com.google.android.gms.measurement.AppMeasurementService"
155-->[com.google.android.gms:play-services-measurement:17.2.2] AndroidManifest.xml:45:13-84
156            android:enabled="true"
156-->[com.google.android.gms:play-services-measurement:17.2.2] AndroidManifest.xml:46:13-35
157            android:exported="false" />
157-->[com.google.android.gms:play-services-measurement:17.2.2] AndroidManifest.xml:47:13-37
158        <service
158-->[com.google.android.gms:play-services-measurement:17.2.2] AndroidManifest.xml:48:9-52:72
159            android:name="com.google.android.gms.measurement.AppMeasurementJobService"
159-->[com.google.android.gms:play-services-measurement:17.2.2] AndroidManifest.xml:49:13-87
160            android:enabled="true"
160-->[com.google.android.gms:play-services-measurement:17.2.2] AndroidManifest.xml:50:13-35
161            android:exported="false"
161-->[com.google.android.gms:play-services-measurement:17.2.2] AndroidManifest.xml:51:13-37
162            android:permission="android.permission.BIND_JOB_SERVICE" />
162-->[com.google.android.gms:play-services-measurement:17.2.2] AndroidManifest.xml:52:13-69
163
164        <receiver
164-->[com.google.firebase:firebase-iid:20.0.2] AndroidManifest.xml:37:9-44:20
165            android:name="com.google.firebase.iid.FirebaseInstanceIdReceiver"
165-->[com.google.firebase:firebase-iid:20.0.2] AndroidManifest.xml:38:13-78
166            android:exported="true"
166-->[com.google.firebase:firebase-iid:20.0.2] AndroidManifest.xml:39:13-36
167            android:permission="com.google.android.c2dm.permission.SEND" >
167-->[com.google.firebase:firebase-iid:20.0.2] AndroidManifest.xml:40:13-73
168            <intent-filter>
168-->[com.google.firebase:firebase-iid:20.0.2] AndroidManifest.xml:41:13-43:29
169                <action android:name="com.google.android.c2dm.intent.RECEIVE" />
169-->[com.google.firebase:firebase-iid:20.0.2] AndroidManifest.xml:42:17-81
169-->[com.google.firebase:firebase-iid:20.0.2] AndroidManifest.xml:42:25-78
170            </intent-filter>
171        </receiver> <!-- Needs to be explicitly declared on P+ -->
172        <uses-library
172-->[com.google.android.gms:play-services-maps:17.0.0] AndroidManifest.xml:33:9-35:40
173            android:name="org.apache.http.legacy"
173-->[com.google.android.gms:play-services-maps:17.0.0] AndroidManifest.xml:34:13-50
174            android:required="false" />
174-->[com.google.android.gms:play-services-maps:17.0.0] AndroidManifest.xml:35:13-37
175
176        <activity
176-->[com.google.android.gms:play-services-base:17.1.0] AndroidManifest.xml:23:9-26:75
177            android:name="com.google.android.gms.common.api.GoogleApiActivity"
177-->[com.google.android.gms:play-services-base:17.1.0] AndroidManifest.xml:24:13-79
178            android:exported="false"
178-->[com.google.android.gms:play-services-base:17.1.0] AndroidManifest.xml:25:13-37
179            android:theme="@android:style/Theme.Translucent.NoTitleBar" />
179-->[com.google.android.gms:play-services-base:17.1.0] AndroidManifest.xml:26:13-72
180
181        <provider
181-->[com.google.firebase:firebase-common:19.3.0] AndroidManifest.xml:26:9-30:39
182            android:name="com.google.firebase.provider.FirebaseInitProvider"
182-->[com.google.firebase:firebase-common:19.3.0] AndroidManifest.xml:27:13-77
183            android:authorities="com.example.advertise.firebaseinitprovider"
183-->[com.google.firebase:firebase-common:19.3.0] AndroidManifest.xml:28:13-72
184            android:exported="false"
184-->[com.google.firebase:firebase-common:19.3.0] AndroidManifest.xml:29:13-37
185            android:initOrder="100" /> <!-- Include the AdActivity and InAppPurchaseActivity configChanges and themes. -->
185-->[com.google.firebase:firebase-common:19.3.0] AndroidManifest.xml:30:13-36
186        <activity
186-->[com.google.android.gms:play-services-ads-lite:19.1.0] AndroidManifest.xml:29:9-33:64
187            android:name="com.google.android.gms.ads.AdActivity"
187-->[com.google.android.gms:play-services-ads-lite:19.1.0] AndroidManifest.xml:30:13-65
188            android:configChanges="keyboard|keyboardHidden|orientation|screenLayout|uiMode|screenSize|smallestScreenSize"
188-->[com.google.android.gms:play-services-ads-lite:19.1.0] AndroidManifest.xml:31:13-122
189            android:exported="false"
189-->[com.google.android.gms:play-services-ads-lite:19.1.0] AndroidManifest.xml:32:13-37
190            android:theme="@android:style/Theme.Translucent" />
190-->[com.google.android.gms:play-services-ads-lite:19.1.0] AndroidManifest.xml:33:13-61
191
192        <provider
192-->[com.google.android.gms:play-services-ads-lite:19.1.0] AndroidManifest.xml:35:9-39:39
193            android:name="com.google.android.gms.ads.MobileAdsInitProvider"
193-->[com.google.android.gms:play-services-ads-lite:19.1.0] AndroidManifest.xml:36:13-76
194            android:authorities="com.example.advertise.mobileadsinitprovider"
194-->[com.google.android.gms:play-services-ads-lite:19.1.0] AndroidManifest.xml:37:13-73
195            android:exported="false"
195-->[com.google.android.gms:play-services-ads-lite:19.1.0] AndroidManifest.xml:38:13-37
196            android:initOrder="100" />
196-->[com.google.android.gms:play-services-ads-lite:19.1.0] AndroidManifest.xml:39:13-36
197
198        <meta-data
198-->[com.google.android.gms:play-services-basement:17.1.1] AndroidManifest.xml:23:9-25:69
199            android:name="com.google.android.gms.version"
199-->[com.google.android.gms:play-services-basement:17.1.1] AndroidManifest.xml:24:13-58
200            android:value="@integer/google_play_services_version" />
200-->[com.google.android.gms:play-services-basement:17.1.1] AndroidManifest.xml:25:13-66
201
202        <provider
202-->[androidx.lifecycle:lifecycle-process:2.2.0] AndroidManifest.xml:25:9-29:43
203            android:name="androidx.lifecycle.ProcessLifecycleOwnerInitializer"
203-->[androidx.lifecycle:lifecycle-process:2.2.0] AndroidManifest.xml:26:13-79
204            android:authorities="com.example.advertise.lifecycle-process"
204-->[androidx.lifecycle:lifecycle-process:2.2.0] AndroidManifest.xml:27:13-69
205            android:exported="false"
205-->[androidx.lifecycle:lifecycle-process:2.2.0] AndroidManifest.xml:28:13-37
206            android:multiprocess="true" />
206-->[androidx.lifecycle:lifecycle-process:2.2.0] AndroidManifest.xml:29:13-40
207
208        <service
208-->[com.google.android.datatransport:transport-backend-cct:2.1.0] AndroidManifest.xml:29:9-35:19
209            android:name="com.google.android.datatransport.runtime.backends.TransportBackendDiscovery"
209-->[com.google.android.datatransport:transport-backend-cct:2.1.0] AndroidManifest.xml:30:13-103
210            android:exported="false" >
210-->[com.google.android.datatransport:transport-backend-cct:2.1.0] AndroidManifest.xml:31:13-37
211            <meta-data
211-->[com.google.android.datatransport:transport-backend-cct:2.1.0] AndroidManifest.xml:32:13-34:39
212                android:name="backend:com.google.android.datatransport.cct.CctBackendFactory"
212-->[com.google.android.datatransport:transport-backend-cct:2.1.0] AndroidManifest.xml:33:17-94
213                android:value="cct" />
213-->[com.google.android.datatransport:transport-backend-cct:2.1.0] AndroidManifest.xml:34:17-36
214        </service>
215        <service
215-->[com.google.android.datatransport:transport-runtime:2.1.0] AndroidManifest.xml:26:9-30:19
216            android:name="com.google.android.datatransport.runtime.scheduling.jobscheduling.JobInfoSchedulerService"
216-->[com.google.android.datatransport:transport-runtime:2.1.0] AndroidManifest.xml:27:13-117
217            android:exported="false"
217-->[com.google.android.datatransport:transport-runtime:2.1.0] AndroidManifest.xml:28:13-37
218            android:permission="android.permission.BIND_JOB_SERVICE" >
218-->[com.google.android.datatransport:transport-runtime:2.1.0] AndroidManifest.xml:29:13-69
219        </service>
220
221        <receiver
221-->[com.google.android.datatransport:transport-runtime:2.1.0] AndroidManifest.xml:32:9-34:40
222            android:name="com.google.android.datatransport.runtime.scheduling.jobscheduling.AlarmManagerSchedulerBroadcastReceiver"
222-->[com.google.android.datatransport:transport-runtime:2.1.0] AndroidManifest.xml:33:13-132
223            android:exported="false" />
223-->[com.google.android.datatransport:transport-runtime:2.1.0] AndroidManifest.xml:34:13-37
224    </application>
225
226</manifest>